<?xml version="1.0" encoding="UTF-8"?>
<!-- Generated by org.testng.reporters.JUnitReportReporter -->
<testsuite hostname="INDELNB1456" failures="0" tests="6" name="testNGRunnerFolder.TestNGRunner" time="89.371" errors="0" timestamp="25 Sep 2025 05:57:40 GMT" skipped="0">
  <testcase classname="testNGRunnerFolder.TestNGRunner" name="runScenario" time="9.680"/>
  <testcase classname="testNGRunnerFolder.TestNGRunner" name="runScenario" time="26.181"/>
  <testcase classname="testNGRunnerFolder.TestNGRunner" name="runScenario" time="23.205"/>
  <testcase classname="testNGRunnerFolder.TestNGRunner" name="runScenario" time="7.741"/>
  <testcase classname="testNGRunnerFolder.TestNGRunner" name="runScenario" time="6.615"/>
  <testcase classname="testNGRunnerFolder.TestNGRunner" name="runScenario" time="15.949"/>
</testsuite> <!-- testNGRunnerFolder.TestNGRunner -->
